DFW status and trace log : Sun Feb 16 23:04:31 2014

23:04:31.222 ERROR: no id specified
  SevError(2) : programcontext.cpp : 5450
23:04:31.259 ERROR: target definition defaultTarget has not been created
  Protocol Component : SevError(2) : targetdefinitionmanager.cpp : 5122
23:04:31.317 ERROR: Socket Error. API: recv, SessionId: 760, ReturnCode:  [SystemErrorCode=10054]: SocketHandler::Read
  Protocol Component : SevError(2) : sockethandler.cpp : 102
23:04:31.317 ERROR: Socket Error. API: recv, SessionId: 760, ReturnCode:  [SystemErrorCode=10054]
  Protocol Component : SevError(2) : sockethandler.cpp : 102
23:04:31.318 ERROR: target definition defaultTarget has not been created
  Protocol Component : SevError(2) : targetdefinitionmanager.cpp : 5122
DFW status and trace log : Sun Feb 16 23:08:16 2014

23:08:16.168 ERROR: Socket Error. API: recv, SessionId: 972, ReturnCode:  [SystemErrorCode=10054]: SocketHandler::Read
  Protocol Component : SevError(2) : sockethandler.cpp : 102
23:08:16.168 ERROR: Socket Error. API: recv, SessionId: 972, ReturnCode:  [SystemErrorCode=10054]
  Protocol Component : SevError(2) : sockethandler.cpp : 102
23:08:16.168 ERROR: target definition defaultTarget has not been created
  Protocol Component : SevError(2) : targetdefinitionmanager.cpp : 5122
23:08:16.168 Operation succeeded: ShutdownServer
  Reason: ERRNone  Severity: ERRSuccessful23:08:16.168 ERROR: target definition defaultTarget has not been created
  Protocol Component : SevError(2) : targetdefinitionmanager.cpp : 5122
